<?xml version="1.0" encoding="UTF-8"?>
<!-- Generated by org.testng.reporters.JUnitReportReporter -->
<testsuite hostname="DESKTOP-UKO22H1" failures="0" tests="5" name="tests.ViewSavingsTest" time="39.321" errors="0" timestamp="2024-01-20T16:31:47 IST" skipped="0">
  <testcase classname="tests.ViewSavingsTest" name="clicksigin" time="35.878"/>
  <system-out/>
  <testcase classname="tests.ViewSavingsTest" name="clcikingMenuIcon" time="0.103"/>
  <system-out/>
  <testcase classname="tests.ViewSavingsTest" name="clickingsavings" time="0.094"/>
  <system-out/>
  <testcase classname="tests.ViewSavingsTest" name="navigationofsavings" time="3.050"/>
  <system-out/>
  <testcase classname="tests.ViewSavingsTest" name="serachtranscations" time="0.196"/>
  <system-out/>
</testsuite> <!-- tests.ViewSavingsTest -->
