<?xml version="1.0" encoding="UTF-8"?>
<!-- Generated by org.testng.reporters.JUnitReportReporter -->
<testsuite hostname="DESKTOP-UKO22H1" failures="0" tests="1" name="runner.RunnerTestNG" time="50.750" errors="0" timestamp="2024-01-20T16:31:47 IST" skipped="0">
  <testcase classname="runner.RunnerTestNG" name="runScenario" time="50.750"/>
  <system-out/>
</testsuite> <!-- runner.RunnerTestNG -->
