<?xml version="1.0" encoding="UTF-8"?>
<!-- Generated by org.testng.reporters.JUnitReportReporter -->
<testsuite hostname="DESKTOP-UKO22H1" failures="0" tests="5" name="tests.SavingsTestNGfile" time="27.877" errors="0" timestamp="2024-01-19T16:16:25 IST" skipped="0">
  <testcase classname="tests.SavingsTestNGfile" name="clicksigin" time="21.536"/>
  <system-out/>
  <testcase classname="tests.SavingsTestNGfile" name="clcikingMenuIcon" time="0.581"/>
  <system-out/>
  <testcase classname="tests.SavingsTestNGfile" name="clickingsavings" time="0.357"/>
  <system-out/>
  <testcase classname="tests.SavingsTestNGfile" name="navigationofsavings" time="5.082"/>
  <system-out/>
  <testcase classname="tests.SavingsTestNGfile" name="serachtranscations" time="0.321"/>
  <system-out/>
</testsuite> <!-- tests.SavingsTestNGfile -->
